07:18:17:290  INFO 37852 --- [main] com.hmall.HMallApplication               : Starting HMallApplication using Java 11.0.22 on MSI with PID 37852 (C:\Users\夏智捷\IdeaProjects\hmall\hm-service\target\classes started by 夏智捷 in C:\Users\夏智捷\IdeaProjects\hmall)
07:18:17:293 DEBUG 37852 --- [main] com.hmall.HMallApplication               : Running with Spring Boot v2.7.12, Spring v5.3.27
07:18:17:293  INFO 37852 --- [main] com.hmall.HMallApplication               : The following 1 profile is active: "local"
07:18:18:358  INFO 37852 --- [main] .s.d.r.c.RepositoryConfigurationDelegate : Multiple Spring Data modules found, entering strict repository configuration mode
07:18:18:361  INFO 37852 --- [main] .s.d.r.c.RepositoryConfigurationDelegate : Bootstrapping Spring Data Redis repositories in DEFAULT mode.
07:18:18:432  INFO 37852 --- [main] .s.d.r.c.RepositoryConfigurationDelegate : Finished Spring Data repository scanning in 52 ms. Found 0 Redis repository interfaces.
07:18:20:253  INFO 37852 --- [main] o.s.b.w.embedded.tomcat.TomcatWebServer  : Tomcat initialized with port(s): 8080 (http)
07:18:20:268  INFO 37852 --- [main] o.apache.catalina.core.StandardService   : Starting service [Tomcat]
07:18:20:269  INFO 37852 --- [main] org.apache.catalina.core.StandardEngine  : Starting Servlet engine: [Apache Tomcat/9.0.75]
07:18:20:548  INFO 37852 --- [main] o.a.c.c.C.[Tomcat].[localhost].[/]       : Initializing Spring embedded WebApplicationContext
07:18:20:549  INFO 37852 --- [main] w.s.c.ServletWebServerApplicationContext : Root WebApplicationContext: initialization completed in 3202 ms
07:18:23:518  INFO 37852 --- [main] pertySourcedRequestMappingHandlerMapping : Mapped URL path [/v2/api-docs] onto method [springfox.documentation.swagger2.web.Swagger2ControllerWebMvc#getDocumentation(String, HttpServletRequest)]
07:18:23:837  INFO 37852 --- [main] o.s.b.w.embedded.tomcat.TomcatWebServer  : Tomcat started on port(s): 8080 (http) with context path ''
07:18:23:838  INFO 37852 --- [main] d.s.w.p.DocumentationPluginsBootstrapper : Documentation plugins bootstrapped
07:18:23:841  INFO 37852 --- [main] d.s.w.p.DocumentationPluginsBootstrapper : Found 1 custom documentation plugin(s)
07:18:23:880  INFO 37852 --- [main] s.d.s.w.s.ApiListingReferenceScanner     : Scanning for api listing references
07:18:23:976  INFO 37852 --- [http-nio-8080-exec-1] o.a.c.c.C.[Tomcat].[localhost].[/]       : Initializing Spring DispatcherServlet 'dispatcherServlet'
07:18:23:977  INFO 37852 --- [http-nio-8080-exec-1] o.s.web.servlet.DispatcherServlet        : Initializing Servlet 'dispatcherServlet'
07:18:23:978  INFO 37852 --- [http-nio-8080-exec-1] o.s.web.servlet.DispatcherServlet        : Completed initialization in 1 ms
07:18:24:092  INFO 37852 --- [main] com.hmall.HMallApplication               : Started HMallApplication in 7.371 seconds (JVM running for 8.328)
